c:\users\태경\desktop\라그(sr)_1\라그v1.0\engine\default\x64\debug\vc140.pdb
c:\users\태경\desktop\라그(sr)_1\라그v1.0\engine\default\x64\debug\vc140.idb
c:\users\태경\desktop\라그(sr)_1\라그v1.0\engine\default\x64\debug\keymgr.obj
c:\users\태경\desktop\라그(sr)_1\라그v1.0\engine\default\x64\debug\layer.obj
c:\users\태경\desktop\라그(sr)_1\라그v1.0\engine\default\x64\debug\level.obj
c:\users\태경\desktop\라그(sr)_1\라그v1.0\engine\default\x64\debug\level_manager.obj
c:\users\태경\desktop\라그(sr)_1\라그v1.0\engine\default\x64\debug\object_manager.obj
c:\users\태경\desktop\라그(sr)_1\라그v1.0\engine\default\x64\debug\picking.obj
c:\users\태경\desktop\라그(sr)_1\라그v1.0\engine\default\x64\debug\renderer.obj
c:\users\태경\desktop\라그(sr)_1\라그v1.0\engine\default\x64\debug\shader.obj
c:\users\태경\desktop\라그(sr)_1\라그v1.0\engine\default\x64\debug\texture.obj
c:\users\태경\desktop\라그(sr)_1\라그v1.0\engine\default\x64\debug\timer.obj
c:\users\태경\desktop\라그(sr)_1\라그v1.0\engine\default\x64\debug\timer_manager.obj
c:\users\태경\desktop\라그(sr)_1\라그v1.0\engine\default\x64\debug\transform.obj
c:\users\태경\desktop\라그(sr)_1\라그v1.0\engine\default\x64\debug\vibuffer.obj
c:\users\태경\desktop\라그(sr)_1\라그v1.0\engine\default\x64\debug\vibuffer_cube.obj
c:\users\태경\desktop\라그(sr)_1\라그v1.0\engine\default\x64\debug\vibuffer_rect.obj
c:\users\태경\desktop\라그(sr)_1\라그v1.0\engine\default\x64\debug\vibuffer_rect2.obj
c:\users\태경\desktop\라그(sr)_1\라그v1.0\engine\default\x64\debug\vibuffer_rect3.obj
c:\users\태경\desktop\라그(sr)_1\라그v1.0\engine\default\x64\debug\vibuffer_rectleft.obj
c:\users\태경\desktop\라그(sr)_1\라그v1.0\engine\default\x64\debug\vibuffer_terrain.obj
c:\users\태경\desktop\라그(sr)_1\라그v1.0\engine\default\x64\debug\vibuffer_wingrect.obj
c:\users\태경\desktop\라그(sr)_1\라그v1.0\engine\default\x64\debug\base.obj
c:\users\태경\desktop\라그(sr)_1\라그v1.0\engine\default\x64\debug\camera.obj
c:\users\태경\desktop\라그(sr)_1\라그v1.0\engine\default\x64\debug\collider.obj
c:\users\태경\desktop\라그(sr)_1\라그v1.0\engine\default\x64\debug\collisionmgr.obj
c:\users\태경\desktop\라그(sr)_1\라그v1.0\engine\default\x64\debug\component.obj
c:\users\태경\desktop\라그(sr)_1\라그v1.0\engine\default\x64\debug\component_manager.obj
c:\users\태경\desktop\라그(sr)_1\라그v1.0\engine\default\x64\debug\frustum.obj
c:\users\태경\desktop\라그(sr)_1\라그v1.0\engine\default\x64\debug\gameinstance.obj
c:\users\태경\desktop\라그(sr)_1\라그v1.0\engine\default\x64\debug\gameobject.obj
c:\users\태경\desktop\라그(sr)_1\라그v1.0\engine\default\x64\debug\graphic_device.obj
c:\users\태경\desktop\라그(sr)_1\라그v1.0\engine\default\x64\debug\input_device.obj
c:\users\태경\desktop\라그(sr)_1\라그v1.0\engine\bin\engine.lib
c:\users\태경\desktop\라그(sr)_1\라그v1.0\engine\bin\engine.exp
c:\users\태경\desktop\라그(sr)_1\라그v1.0\engine\bin\engine.ilk
c:\users\태경\desktop\라그(sr)_1\라그v1.0\engine\bin\engine.dll
c:\users\태경\desktop\라그(sr)_1\라그v1.0\engine\bin\engine.pdb
c:\users\태경\desktop\라그(sr)_1\라그v1.0\engine\default\..\bin\engine.dll
c:\users\태경\desktop\라그(sr)_1\라그v1.0\engine\default\x64\debug\engine.tlog\cl.command.1.tlog
c:\users\태경\desktop\라그(sr)_1\라그v1.0\engine\default\x64\debug\engine.tlog\cl.read.1.tlog
c:\users\태경\desktop\라그(sr)_1\라그v1.0\engine\default\x64\debug\engine.tlog\cl.write.1.tlog
c:\users\태경\desktop\라그(sr)_1\라그v1.0\engine\default\x64\debug\engine.tlog\engine.write.1u.tlog
c:\users\태경\desktop\라그(sr)_1\라그v1.0\engine\default\x64\debug\engine.tlog\link.command.1.tlog
c:\users\태경\desktop\라그(sr)_1\라그v1.0\engine\default\x64\debug\engine.tlog\link.read.1.tlog
c:\users\태경\desktop\라그(sr)_1\라그v1.0\engine\default\x64\debug\engine.tlog\link.write.1.tlog
