  VIBuffer_WingRect.cpp
  VIBuffer_Terrain.cpp
  VIBuffer_RectLeft.cpp
  VIBuffer_Rect2.cpp
  VIBuffer_Rect.cpp
  VIBuffer_Cube.cpp
  VIBuffer.cpp
  Transform.cpp
  Timer_Manager.cpp
  Timer.cpp
  Texture.cpp
  Shader.cpp
  Renderer.cpp
  QuestManager.cpp
  Quest.cpp
  Picking.cpp
c:\users\태경\desktop\라그(sr)_1\라그v1.0\engine\private\picking.cpp(65): warning C4805: '==': 연산에 'bool' 형식과 'BOOL' 형식을 함께 사용하는 것은 안전하지 않습니다.
c:\users\태경\desktop\라그(sr)_1\라그v1.0\engine\private\picking.cpp(79): warning C4805: '==': 연산에 'bool' 형식과 'BOOL' 형식을 함께 사용하는 것은 안전하지 않습니다.
  Object_Manager.cpp
  Level_Manager.cpp
  Level.cpp
  Layer.cpp
  코드를 생성하고 있습니다...
  컴파일하고 있습니다...
  KeyMgr.cpp
  Input_Device.cpp
  Graphic_Device.cpp
c:\users\태경\desktop\라그(sr)_1\라그v1.0\engine\private\graphic_device.cpp(78): warning C4101: 'tFontInfo2' :참조되지 않은 지역 변수입니다.
  GameObject.cpp
  GameInstance.cpp
  Frustum.cpp
  Component_Manager.cpp
  Component.cpp
  CollisionMgr.cpp
  Collider.cpp
  Camera.cpp
  Base.cpp
  코드를 생성하고 있습니다...
     ..\Bin\Engine.lib 라이브러리 및 ..\Bin\Engine.exp 개체를 생성하고 있습니다.
  Engine.vcxproj -> C:\Users\태경\Desktop\라그(SR)_1\라그v1.0\Engine\Default\..\Bin\Engine.dll
  Engine.vcxproj -> ..\Bin\Engine.pdb (Full PDB)
