  stdafx.cpp
  Client.cpp
  XBox.cpp
  WorldHpBar.cpp
  Wing.cpp
  Wind.cpp
  Village_Quest2.cpp
  Village_Quest1.cpp
  Village_Chief.cpp
  UseSkill.cpp
  UI.cpp
  Transparent_Wall.cpp
  Town.cpp
  Tornado.cpp
  ThunderSword.cpp
  ThunderCloud.cpp
  TerrainRect.cpp
  Terrain.cpp
  SwordSlice.cpp
  Sword.cpp
  Stone.cpp
  코드를 생성하고 있습니다...
  컴파일하고 있습니다...
  StatsWnd.cpp
  StatsIcon.cpp
  Space.cpp
  SoundMgr.cpp
c:\users\태경\desktop\라그(sr)_1\라그v1.0\client\private\soundmgr.cpp(111): warning C4267: '초기화 중': 'size_t'에서 'int'(으)로 변환하면서 데이터가 손실될 수 있습니다.
c:\users\태경\desktop\라그(sr)_1\라그v1.0\client\private\soundmgr.cpp(145): warning C4267: '초기화 중': 'size_t'에서 'int'(으)로 변환하면서 데이터가 손실될 수 있습니다.
  Sky.cpp
  SkillWnd.cpp
  SkillSlot.cpp
  SkillIcon.cpp
  Shadow.cpp
  House2.cpp
  Rain.cpp
  QuickSlot.cpp
  PowerTotem.cpp
  Portal.cpp
  Poring.cpp
  PoisonArrow.cpp
  PlusBox.cpp
  PlayerMpBar.cpp
  PlayerInfo.cpp
  Player.cpp
  코드를 생성하고 있습니다...
  컴파일하고 있습니다...
  Monster.cpp
  MeteorEff.cpp
  Meteor.cpp
  MainApp.cpp
  Loader.cpp
  Level_Logo.cpp
  Level_Loading.cpp
  Level_GamePlay.cpp
c:\users\태경\desktop\라그(sr)_1\라그v1.0\client\private\level_gameplay.cpp(846): warning C4244: '초기화 중': 'int'에서 'Engine::_float'(으)로 변환하면서 데이터가 손실될 수 있습니다.
c:\users\태경\desktop\라그(sr)_1\라그v1.0\client\private\level_gameplay.cpp(847): warning C4244: '초기화 중': 'int'에서 'Engine::_float'(으)로 변환하면서 데이터가 손실될 수 있습니다.
  LevelUp.cpp
  InventoryIcon.cpp
  Inventory.cpp
  IconBar.cpp
  HpBar.cpp
  Hit.cpp
  FireSpear.cpp
  FireDragon.cpp
  Fire.cpp
  MpBar.cpp
  Maiden.cpp
c:\users\태경\desktop\라그(sr)_1\라그v1.0\client\private\maiden.cpp(858): warning C4804: '+=': 연산에 'bool' 형식을 사용하는 것은 안전하지 않습니다.
c:\users\태경\desktop\라그(sr)_1\라그v1.0\client\private\maiden.cpp(858): warning C4800: 'Engine::_float': 'true' 또는 'false'로 bool 값을 강제하고 있습니다(성능 경고).
c:\users\태경\desktop\라그(sr)_1\라그v1.0\client\private\maiden.cpp(859): warning C4804: '>': 연산에 'bool' 형식을 사용하는 것은 안전하지 않습니다.
  LogRect.cpp
c:\users\태경\desktop\라그(sr)_1\라그v1.0\client\private\logrect.cpp(133): warning C4244: '인수': 'double'에서 'int'(으)로 변환하면서 데이터가 손실될 수 있습니다.
  코드를 생성하고 있습니다...
  컴파일하고 있습니다...
  Loading.cpp
  Level_MidBoss.cpp
c:\users\태경\desktop\라그(sr)_1\라그v1.0\client\private\level_midboss.cpp(590): warning C4244: '초기화 중': 'int'에서 'Engine::_float'(으)로 변환하면서 데이터가 손실될 수 있습니다.
c:\users\태경\desktop\라그(sr)_1\라그v1.0\client\private\level_midboss.cpp(591): warning C4244: '초기화 중': 'int'에서 'Engine::_float'(으)로 변환하면서 데이터가 손실될 수 있습니다.
  Level_ChoboField.cpp
  LetterBox.cpp
  InventorySlot.cpp
  HuntQuest1.cpp
  HpPotion.cpp
c:\users\태경\desktop\라그(sr)_1\라그v1.0\client\private\hppotion.cpp(85): warning C4244: '=': 'LONG'에서 'float'(으)로 변환하면서 데이터가 손실될 수 있습니다.
c:\users\태경\desktop\라그(sr)_1\라그v1.0\client\private\hppotion.cpp(86): warning C4244: '=': 'LONG'에서 'float'(으)로 변환하면서 데이터가 손실될 수 있습니다.
c:\users\태경\desktop\라그(sr)_1\라그v1.0\client\private\hppotion.cpp(173): warning C4244: '인수': 'float'에서 'int'(으)로 변환하면서 데이터가 손실될 수 있습니다.
c:\users\태경\desktop\라그(sr)_1\라그v1.0\client\private\hppotion.cpp(175): warning C4244: '인수': 'float'에서 'int'(으)로 변환하면서 데이터가 손실될 수 있습니다.
c:\users\태경\desktop\라그(sr)_1\라그v1.0\client\private\hppotion.cpp(166): warning C4101: 'rcText' :참조되지 않은 지역 변수입니다.
c:\users\태경\desktop\라그(sr)_1\라그v1.0\client\private\hppotion.cpp(195): warning C4244: '인수': 'double'에서 'Engine::_int'(으)로 변환하면서 데이터가 손실될 수 있습니다.
  House.cpp
  Help.cpp
  FireBall.cpp
  ExpLogo.cpp
  ExpBlank.cpp
  ExpBar.cpp
  EquipIcon.cpp
  Engineer.cpp
  ElderWilow.cpp
  Drain.cpp
  DmgFont.cpp
  Default_NPC.cpp
  DefaultAttack.cpp
  코드를 생성하고 있습니다...
  컴파일하고 있습니다...
  DandelionAttack.cpp
  Dandelion.cpp
  Camera_Dynamic.cpp
  Byorgue.cpp
  BossSkillTarget.cpp
  BlueFire.cpp
  Bloodymurderer.cpp
  Bigfoot.cpp
  BackGroundTree.cpp
  BackGroundRect.cpp
  BackGround.cpp
  AuraBlue.cpp
  Angry.cpp
  Alligator.cpp
  코드를 생성하고 있습니다...
  Client.vcxproj -> C:\Users\태경\Desktop\라그(SR)_1\라그v1.0\Client\Default\..\Bin\Client.exe
  Client.vcxproj -> ..\Bin\Client.pdb (Full PDB)
